<?xml version="1.0" encoding="UTF-8"?>
<!-- Generated by org.testng.reporters.JUnitXMLReporter -->
<testsuite ignored="1" hostname="Hasans-MacBook-Pro.local" failures="0" tests="2" name="Test" time="7.378" errors="0" timestamp="25 Aug 2022 18:49:26 GMT">
  <testcase classname="test.HomePageTest" name="homepagetest" time="0.984"/>
  <testcase classname="test.CreateNewAccountTest" name="CreateNewAccountPagetest" time="5.749"/>
  <testcase classname="test.BaseTest" name="@BeforeSuite setup" time="0.0">
    <ignored/>
  </testcase> <!-- @BeforeSuite setup -->
</testsuite> <!-- Test -->
